[0.505s] Invoking command in '/home/vincent/ros2_ws/src/vision_rpi_bot': PYTHONPATH=/home/vincent/ros2_ws/build/vision_rpi_bot/prefix_override:/usr/lib/python3/dist-packages/colcon_core/task/python/colcon_distutils_commands:/home/vincent/ros2_ws/install/vision_rpi_bot/lib/python3.10/site-packages:${PYTHONPATH} /usr/bin/python3 -W ignore:setup.py install is deprecated -W ignore:easy_install command is deprecated setup.py egg_info --egg-base ../../build/vision_rpi_bot build --build-base /home/vincent/ros2_ws/build/vision_rpi_bot/build install --record /home/vincent/ros2_ws/build/vision_rpi_bot/install.log --single-version-externally-managed install_data
[0.633s] running egg_info
[0.633s] creating ../../build/vision_rpi_bot/vision_rpi_bot.egg-info
[0.634s] writing ../../build/vision_rpi_bot/vision_rpi_bot.egg-info/PKG-INFO
[0.634s] writing dependency_links to ../../build/vision_rpi_bot/vision_rpi_bot.egg-info/dependency_links.txt
[0.634s] writing entry points to ../../build/vision_rpi_bot/vision_rpi_bot.egg-info/entry_points.txt
[0.634s] writing requirements to ../../build/vision_rpi_bot/vision_rpi_bot.egg-info/requires.txt
[0.634s] writing top-level names to ../../build/vision_rpi_bot/vision_rpi_bot.egg-info/top_level.txt
[0.634s] writing manifest file '../../build/vision_rpi_bot/vision_rpi_bot.egg-info/SOURCES.txt'
[0.635s] reading manifest file '../../build/vision_rpi_bot/vision_rpi_bot.egg-info/SOURCES.txt'
[0.636s] writing manifest file '../../build/vision_rpi_bot/vision_rpi_bot.egg-info/SOURCES.txt'
[0.636s] running build
[0.636s] running build_py
[0.636s] creating /home/vincent/ros2_ws/build/vision_rpi_bot/build
[0.636s] creating /home/vincent/ros2_ws/build/vision_rpi_bot/build/lib
[0.636s] creating /home/vincent/ros2_ws/build/vision_rpi_bot/build/lib/vision_rpi_bot
[0.637s] copying vision_rpi_bot/__init__.py -> /home/vincent/ros2_ws/build/vision_rpi_bot/build/lib/vision_rpi_bot
[0.637s] running install
[0.637s] running install_lib
[0.638s] creating /home/vincent/ros2_ws/install/vision_rpi_bot/lib/python3.10/site-packages/vision_rpi_bot
[0.638s] copying /home/vincent/ros2_ws/build/vision_rpi_bot/build/lib/vision_rpi_bot/__init__.py -> /home/vincent/ros2_ws/install/vision_rpi_bot/lib/python3.10/site-packages/vision_rpi_bot
[0.638s] byte-compiling /home/vincent/ros2_ws/install/vision_rpi_bot/lib/python3.10/site-packages/vision_rpi_bot/__init__.py to __init__.cpython-310.pyc
[0.639s] running install_data
[0.639s] creating /home/vincent/ros2_ws/install/vision_rpi_bot/share/ament_index
[0.639s] creating /home/vincent/ros2_ws/install/vision_rpi_bot/share/ament_index/resource_index
[0.639s] creating /home/vincent/ros2_ws/install/vision_rpi_bot/share/ament_index/resource_index/packages
[0.640s] copying resource/vision_rpi_bot -> /home/vincent/ros2_ws/install/vision_rpi_bot/share/ament_index/resource_index/packages
[0.640s] copying package.xml -> /home/vincent/ros2_ws/install/vision_rpi_bot/share/vision_rpi_bot
[0.640s] running install_egg_info
[0.641s] Copying ../../build/vision_rpi_bot/vision_rpi_bot.egg-info to /home/vincent/ros2_ws/install/vision_rpi_bot/lib/python3.10/site-packages/vision_rpi_bot-0.0.0-py3.10.egg-info
[0.642s] running install_scripts
[0.653s] writing list of installed files to '/home/vincent/ros2_ws/build/vision_rpi_bot/install.log'
[0.667s] Invoked command in '/home/vincent/ros2_ws/src/vision_rpi_bot' returned '0': PYTHONPATH=/home/vincent/ros2_ws/build/vision_rpi_bot/prefix_override:/usr/lib/python3/dist-packages/colcon_core/task/python/colcon_distutils_commands:/home/vincent/ros2_ws/install/vision_rpi_bot/lib/python3.10/site-packages:${PYTHONPATH} /usr/bin/python3 -W ignore:setup.py install is deprecated -W ignore:easy_install command is deprecated setup.py egg_info --egg-base ../../build/vision_rpi_bot build --build-base /home/vincent/ros2_ws/build/vision_rpi_bot/build install --record /home/vincent/ros2_ws/build/vision_rpi_bot/install.log --single-version-externally-managed install_data
