[0.510s] Invoking command in '/home/vincent/ros2_ws/src/vision_rpi_bot': PYTHONPATH=/home/vincent/ros2_ws/build/vision_rpi_bot/prefix_override:/usr/lib/python3/dist-packages/colcon_core/task/python/colcon_distutils_commands:/home/vincent/ros2_ws/install/vision_rpi_bot/lib/python3.10/site-packages:${PYTHONPATH} /usr/bin/python3 -W ignore:setup.py install is deprecated -W ignore:easy_install command is deprecated setup.py egg_info --egg-base ../../build/vision_rpi_bot build --build-base /home/vincent/ros2_ws/build/vision_rpi_bot/build install --record /home/vincent/ros2_ws/build/vision_rpi_bot/install.log --single-version-externally-managed install_data
[0.648s] running egg_info
[0.648s] writing ../../build/vision_rpi_bot/vision_rpi_bot.egg-info/PKG-INFO
[0.649s] writing dependency_links to ../../build/vision_rpi_bot/vision_rpi_bot.egg-info/dependency_links.txt
[0.650s] writing entry points to ../../build/vision_rpi_bot/vision_rpi_bot.egg-info/entry_points.txt
[0.650s] writing requirements to ../../build/vision_rpi_bot/vision_rpi_bot.egg-info/requires.txt
[0.650s] writing top-level names to ../../build/vision_rpi_bot/vision_rpi_bot.egg-info/top_level.txt
[0.651s] reading manifest file '../../build/vision_rpi_bot/vision_rpi_bot.egg-info/SOURCES.txt'
[0.652s] writing manifest file '../../build/vision_rpi_bot/vision_rpi_bot.egg-info/SOURCES.txt'
[0.652s] running build
[0.652s] running build_py
[0.652s] copying vision_rpi_bot/publisher.py -> /home/vincent/ros2_ws/build/vision_rpi_bot/build/lib/vision_rpi_bot
[0.653s] running install
[0.653s] running install_lib
[0.654s] copying /home/vincent/ros2_ws/build/vision_rpi_bot/build/lib/vision_rpi_bot/publisher.py -> /home/vincent/ros2_ws/install/vision_rpi_bot/lib/python3.10/site-packages/vision_rpi_bot
[0.654s] byte-compiling /home/vincent/ros2_ws/install/vision_rpi_bot/lib/python3.10/site-packages/vision_rpi_bot/publisher.py to publisher.cpython-310.pyc
[0.655s] running install_data
[0.655s] running install_egg_info
[0.656s] removing '/home/vincent/ros2_ws/install/vision_rpi_bot/lib/python3.10/site-packages/vision_rpi_bot-0.0.0-py3.10.egg-info' (and everything under it)
[0.657s] Copying ../../build/vision_rpi_bot/vision_rpi_bot.egg-info to /home/vincent/ros2_ws/install/vision_rpi_bot/lib/python3.10/site-packages/vision_rpi_bot-0.0.0-py3.10.egg-info
[0.658s] running install_scripts
[0.670s] Installing publisher_node script to /home/vincent/ros2_ws/install/vision_rpi_bot/lib/vision_rpi_bot
[0.670s] Installing subscriber_node script to /home/vincent/ros2_ws/install/vision_rpi_bot/lib/vision_rpi_bot
[0.670s] writing list of installed files to '/home/vincent/ros2_ws/build/vision_rpi_bot/install.log'
[0.684s] Invoked command in '/home/vincent/ros2_ws/src/vision_rpi_bot' returned '0': PYTHONPATH=/home/vincent/ros2_ws/build/vision_rpi_bot/prefix_override:/usr/lib/python3/dist-packages/colcon_core/task/python/colcon_distutils_commands:/home/vincent/ros2_ws/install/vision_rpi_bot/lib/python3.10/site-packages:${PYTHONPATH} /usr/bin/python3 -W ignore:setup.py install is deprecated -W ignore:easy_install command is deprecated setup.py egg_info --egg-base ../../build/vision_rpi_bot build --build-base /home/vincent/ros2_ws/build/vision_rpi_bot/build install --record /home/vincent/ros2_ws/build/vision_rpi_bot/install.log --single-version-externally-managed install_data
